<?xml version="1.0" encoding="UTF-8"?>
<robot generator="Robot 6.0.2 (Python 3.11.1 on win32)" generated="20230213 10:58:11.069" rpa="false" schemaversion="3">
<suite id="s1" name="testesMockAPI" source="C:\Users\LucianoFagundesdeOli\OneDrive - Yaman Tecnologia LTDA\Documentos\Yaman\B3\Apresentação\testesMockAPI">
<suite id="s1-s1" name="Features" source="C:\Users\LucianoFagundesdeOli\OneDrive - Yaman Tecnologia LTDA\Documentos\Yaman\B3\Apresentação\testesMockAPI\features">
<suite id="s1-s1-s1" name="mockAPI" source="C:\Users\LucianoFagundesdeOli\OneDrive - Yaman Tecnologia LTDA\Documentos\Yaman\B3\Apresentação\testesMockAPI\features\mockAPI.robot">
<test id="s1-s1-s1-t1" name="CT-014: Validar campo description contendo valor correto ao usar GET com ID no caminho /carbon-credit/[id]" line="85">
<kw name="Dado que esteja conectado na mockAPI" library="BDDpt-br" sourcename="Dado ${keyword}">
<kw name="Run Keyword" library="BuiltIn">
<arg>${keyword}</arg>
<doc>Executes the given keyword with the given arguments.</doc>
<kw name="que esteja conectado na mockAPI" library="mockAPI">
<kw name="Create Session" library="RequestsLibrary">
<arg>mock</arg>
<arg>http://localhost:8080/financial-instrument/v1</arg>
<doc>Create Session: create a HTTP session to a server</doc>
<msg timestamp="20230213 10:58:11.569" level="INFO">Creating Session using : alias=mock, url=http://localhost:8080/financial-instrument/v1, headers={},                     cookies={}, auth=None, timeout=None, proxies=None, verify=False,                     debug=0 </msg>
<status status="PASS" starttime="20230213 10:58:11.568" endtime="20230213 10:58:11.569"/>
</kw>
<status status="PASS" starttime="20230213 10:58:11.568" endtime="20230213 10:58:11.570"/>
</kw>
<status status="PASS" starttime="20230213 10:58:11.564" endtime="20230213 10:58:11.570"/>
</kw>
<status status="PASS" starttime="20230213 10:58:11.563" endtime="20230213 10:58:11.570"/>
</kw>
<kw name="Quando envio metodo GET com ID no caminho /carbon-credit/[id]" library="BDDpt-br" sourcename="Quando ${keyword}">
<kw name="Run Keyword" library="BuiltIn">
<arg>${keyword}</arg>
<doc>Executes the given keyword with the given arguments.</doc>
<kw name="envio metodo GET com ID no caminho /carbon-credit/[id]" library="mockAPI">
<kw name="Create Dictionary" library="BuiltIn">
<var>${HEADER}</var>
<arg>Content-Type=application/json</arg>
<arg>Authorization=${TOKEN}</arg>
<doc>Creates and returns a dictionary based on the given ``items``.</doc>
<msg timestamp="20230213 10:58:11.576" level="INFO">${HEADER} = {'Content-Type': 'application/json', 'Authorization': 'Bearer yaman24'}</msg>
<status status="PASS" starttime="20230213 10:58:11.575" endtime="20230213 10:58:11.577"/>
</kw>
<kw name="GET On Session" library="RequestsLibrary">
<var>${RESPOSTA}</var>
<arg>mock</arg>
<arg>/carbon-credit/${ID}</arg>
<arg>headers=${HEADER}</arg>
<doc>Sends a GET request on a previously created HTTP Session.</doc>
<msg timestamp="20230213 10:58:13.635" level="INFO">GET Request : url=http://localhost:8080/financial-instrument/v1/carbon-credit/1 
 path_url=/financial-instrument/v1/carbon-credit/1 
 headers={'User-Agent': 'python-requests/2.28.2', 'Accept-Encoding': 'gzip, deflate', 'Accept': '*/*', 'Connection': 'keep-alive', 'Content-Type': 'application/json', 'Authorization': 'Bearer yaman24'} 
 body=None 
 </msg>
<msg timestamp="20230213 10:58:13.636" level="INFO">GET Response : url=http://localhost:8080/financial-instrument/v1/carbon-credit/1 
 status=200, reason=OK 
 headers={'Server': 'Werkzeug/2.2.2 Python/3.11.1', 'Date': 'Mon, 13 Feb 2023 13:58:13 GMT', 'Content-Type': 'application/json', 'Content-Length': '286', 'Connection': 'close'} 
 body={
  "amount": 1,
  "certifier": "certifierx",
  "cpfCnpj": "841.155.040-05",
  "date": "2022-08-08",
  "description": "ativo",
  "holder": {
    "name": "john",
    "number": "string"
  },
  "id": 1,
  "myNumber": 2022,
  "registrar": {
    "name": "john",
    "number": "string"
  }
}
 
 </msg>
<msg timestamp="20230213 10:58:13.637" level="INFO">${RESPOSTA} = &lt;Response [200]&gt;</msg>
<status status="PASS" starttime="20230213 10:58:11.577" endtime="20230213 10:58:13.637"/>
</kw>
<kw name="Set Global Variable" library="BuiltIn">
<arg>${RESPOSTA}</arg>
<doc>Makes a variable available globally in all tests and suites.</doc>
<msg timestamp="20230213 10:58:13.640" level="INFO">${RESPOSTA} = &lt;Response [200]&gt;</msg>
<status status="PASS" starttime="20230213 10:58:13.638" endtime="20230213 10:58:13.641"/>
</kw>
<status status="PASS" starttime="20230213 10:58:11.575" endtime="20230213 10:58:13.642"/>
</kw>
<status status="PASS" starttime="20230213 10:58:11.572" endtime="20230213 10:58:13.643"/>
</kw>
<status status="PASS" starttime="20230213 10:58:11.571" endtime="20230213 10:58:13.644"/>
</kw>
<kw name="Entao recebo resposta com o description contendo valor correto" library="BDDpt-br" sourcename="Entao ${keyword}">
<kw name="Run Keyword" library="BuiltIn">
<arg>${keyword}</arg>
<doc>Executes the given keyword with the given arguments.</doc>
<kw name="recebo resposta com o description contendo valor correto" library="mockAPI">
<kw name="Get From Dictionary" library="Collections">
<var>${DESCRIPTION}</var>
<arg>${RESPOSTA.json()}</arg>
<arg>description</arg>
<doc>Returns a value from the given ``dictionary`` based on the given ``key``.</doc>
<msg timestamp="20230213 10:58:13.664" level="INFO">${DESCRIPTION} = ativo</msg>
<status status="PASS" starttime="20230213 10:58:13.660" endtime="20230213 10:58:13.666"/>
</kw>
<kw name="Should Be Equal As Strings" library="BuiltIn">
<arg>${DESCRIPTION}</arg>
<arg>ativo</arg>
<doc>Fails if objects are unequal after converting them to strings.</doc>
<status status="PASS" starttime="20230213 10:58:13.667" endtime="20230213 10:58:13.671"/>
</kw>
<status status="PASS" starttime="20230213 10:58:13.658" endtime="20230213 10:58:13.672"/>
</kw>
<status status="PASS" starttime="20230213 10:58:13.649" endtime="20230213 10:58:13.672"/>
</kw>
<status status="PASS" starttime="20230213 10:58:13.647" endtime="20230213 10:58:13.674"/>
</kw>
<tag>ct-014</tag>
<status status="PASS" starttime="20230213 10:58:11.560" endtime="20230213 10:58:13.675"/>
</test>
<status status="PASS" starttime="20230213 10:58:11.115" endtime="20230213 10:58:13.684"/>
</suite>
<status status="PASS" starttime="20230213 10:58:11.107" endtime="20230213 10:58:13.688"/>
</suite>
<status status="PASS" starttime="20230213 10:58:11.078" endtime="20230213 10:58:13.691"/>
</suite>
<statistics>
<total>
<stat pass="1" fail="0" skip="0">All Tests</stat>
</total>
<tag>
<stat pass="1" fail="0" skip="0">ct-014</stat>
</tag>
<suite>
<stat pass="1" fail="0" skip="0" id="s1" name="testesMockAPI">testesMockAPI</stat>
<stat pass="1" fail="0" skip="0" id="s1-s1" name="Features">testesMockAPI.Features</stat>
<stat pass="1" fail="0" skip="0" id="s1-s1-s1" name="mockAPI">testesMockAPI.Features.mockAPI</stat>
</suite>
</statistics>
<errors>
</errors>
</robot>
